Adjustment of local geodetic network        version: 2.15.1-envelope / GNU C/C++ 10.2
************************************
http://www.gnu.org/software/gama/

Approximate coordinates
***********************

coordinates          xyz        xy         z

given       :          6         0         0
computed    :         14         0         0
---------------------------------------------
total       :         20         0         0

observations:         75


Network description
*******************

2022-07-11 19:53:10


General parameters of the adjustment
************************************

Coordinates           xyz     xy       z

Adjusted       :      14       0       0
Constrained  * :       0       0       0
Fixed          :       6       0       0
-----------------------------------------
Total          :      20       0       0

Number of directions       :    25            Number of bearings:     2
Zenith angles              :    25
Slope distances            :    25
Total of observations      :    75

Number of project equations:    75            Number of unknowns:    44
Degrees of freedom         :    31            Network defect    :     0

m0  apriori    :    10.00
m0' aposteriori:    12.19         [pvv] : 4.60437e+03

During statistical analysis we work

- with aposteriori standard deviation 12.19
- with confidence level 95 %
Ratio m0' aposteriori / m0 apriori: 1.219
95 % interval (0.752, 1.247) contains value m0'/m0

Maximal decrease of m0''/m0 on elimination of one observation: 0.863

Maximal studentized residual 3.99 exceeds critical value 1.95
on significance level 5 % for observation #68
<z-angle from="ST" to="OKD-K3-1" val="308.3954" stdev="95.4" />


Fixed points
************

       point         x              y              z   
=======================================================

       OKD-4    14588.712       7471.297         98.745
       OKD-5    14589.451       7474.255         97.743
    OKD-K3-1    14580.752       7477.095         96.871
    OKD-K3-4    14580.823       7469.972         97.608
     OKD-K5P    14579.321       7469.981         97.606
     OKD-K7L    14577.833       7477.110         96.879


Adjusted coordinates
********************

  i        point    approximate  correction  adjusted    std.dev conf.i.
====================== value ====== [m] ====== value ========== [mm] ===

            1000
 11            x     14582.30463   0.00027   14582.30490     2.4     5.0
 12            y      7477.27560  -0.00002    7477.27558     5.6    11.4
 13            z        95.67802  -0.00020      95.67782     1.3     2.7

            1001
 14            x     14582.30420   0.00024   14582.30443     2.6     5.3
 15            y      7476.59599  -0.00002    7476.59597     5.0    10.3
 16            z        97.90409  -0.00020      97.90389     2.5     5.1

            1002
 17            x     14583.04157   0.00007   14583.04164     3.6     7.4
 18            y      7473.40898  -0.00006    7473.40892     0.7     1.4
 19            z        99.62400  -0.00020      99.62380     5.0    10.2

            1003
 20            x     14582.30041  -0.00007   14582.30034     2.6     5.2
 21            y      7470.61079  -0.00002    7470.61077     4.5     9.3
 22            z        98.46937  -0.00020      98.46917     3.4     6.8

            1004
 23            x     14582.29789  -0.00013   14582.29776     2.4     4.8
 24            y      7469.47945  -0.00002    7469.47943     5.6    11.4
 25            z        95.64643  -0.00020      95.64623     1.3     2.7

            1005
 26            x     14581.55196   0.00027   14581.55223     1.5     3.1
 27            y      7477.26910   0.00002    7477.26912     5.9    12.0
 28            z        95.65931  -0.00020      95.65911     1.3     2.7

            1006
 29            x     14581.55088   0.00021   14581.55110     1.6     3.2
 30            y      7476.15933   0.00002    7476.15935     4.8     9.7
 31            z        98.43644  -0.00020      98.43624     3.6     7.4

            1007
 32            x     14581.55055   0.00021   14581.55076     1.6     3.2
 33            y      7476.16905   0.00002    7476.16907     4.8     9.7
 34            z        98.42711  -0.00020      98.42691     3.6     7.4

            1008
 35            x     14581.55402   0.00007   14581.55409     1.6     3.4
 36            y      7473.36060   0.00002    7473.36062     0.5     1.1
 37            z        99.62049  -0.00020      99.62029     5.9    12.0

            1009
 38            x     14581.55277  -0.00007   14581.55269     1.5     3.1
 39            y      7470.63092   0.00002    7470.63094     4.8     9.8
 40            z        98.49235  -0.00020      98.49216     3.6     7.3

            1010
 41            x     14581.54590  -0.00013   14581.54577     1.5     3.0
 42            y      7469.48930   0.00002    7469.48932     5.9    12.0
 43            z        95.62694  -0.00020      95.62674     1.4     2.8

          OKD-11
  5            x     14582.33414   0.00025   14582.33438     2.6     5.4
  6            y      7476.77404  -0.00002    7476.77402     5.2    10.7
  7            z        97.61332  -0.00020      97.61312     2.1     4.2

          OKD-12
  8            x     14579.11124  -0.00007   14579.11117     2.6     5.3
  9            y      7470.13430   0.00021    7470.13451     5.2    10.7
 10            z        97.61293   0.00000      97.61293     2.1     4.2

              ST
  1            x     14580.72271   0.00007   14580.72278     0.3     0.5
  2            y      7473.45423   0.00006    7473.45430     0.5     1.0
  3            z        96.38581  -0.00009      96.38572     0.3     0.5


Adjusted orientation unknowns
*****************************

  i   standpoint   approximate  correction  adjusted   std.dev conf.i.
==================== value [g] ==== [g] === value [g] ======= [cc] ===

  4           ST    122.778194  -0.003320  122.774875     47.6    97.0
 44           ST    322.775879  -0.003423  322.772457     47.6    97.0


Mean errors and parameters of error ellipses
********************************************

       point     mp      mxy      mean error ellipse  conf.err. ellipse   g
=============== [mm] == [mm] ==== a [mm] b  alpha[g] ==== a' [mm] b' ========

        1000     6.1     4.3     6.0     0.9    75.1    15.5     2.3     0.1
        1001     5.7     4.0     5.6     0.8    70.5    14.4     2.0     0.1
        1002     3.7     2.6     3.6     0.7   198.7     9.3     1.7     0.0
        1003     5.2     3.7     5.2     0.7   132.1    13.3     1.8     0.0
        1004     6.1     4.3     6.0     0.9   123.9    15.5     2.3     0.1
        1005     6.1     4.3     6.0     0.8    86.4    15.5     2.1     0.1
        1006     5.0     3.5     5.0     0.6    81.2    12.8     1.6     0.1
        1007     5.0     3.6     5.0     0.6    81.3    12.8     1.6     0.1
        1008     1.7     1.2     1.7     0.5   192.3     4.3     1.3     0.0
        1009     5.0     3.6     5.0     0.6   118.1    12.8     1.6     0.0
        1010     6.1     4.3     6.0     0.8   113.0    15.5     2.2     0.1
      OKD-11     5.9     4.1     5.8     0.8    71.4    14.9     2.1     0.1
      OKD-12     5.9     4.1     5.8     0.8    71.4    14.9     2.0     0.1
          ST     0.6     0.4     0.5     0.3   100.9     1.3     0.7     0.1

Maximal mean position error is 6.1 mm on point 1004
Average mean position error is 4.9 mm


Adjusted observations
*********************

   i   standpoint       target           observed     adjusted std.dev conf.i.
=========================================== value ==== [m|g] ====== [mm|cc] ==

   1           ST        OKD-4 slope      8.60500      8.60468     0.3     0.6
   2                     OKD-4 zen.     82.318519    82.322224    18.6    37.9
   3                     OKD-4 dir.    260.432407   260.434566    59.6   121.5
   4                     OKD-5 slope      8.86900      8.86976     0.3     0.5
   5                     OKD-5 zen.     90.209877    90.217654    18.4    37.6
   6                     OKD-5 dir.    283.043210   283.047296    59.2   120.8
   7                  OKD-K3-1 slope      3.67000      3.67296     0.5     1.0
   8                  OKD-K3-1 zen.     91.599383    91.558983    47.3    96.5
   9                  OKD-K3-1 dir.    376.726235   376.719468    67.6   137.9
  10                  OKD-K3-4 slope      3.69000      3.69149     0.5     1.0
  11                  OKD-K3-4 zen.     78.520370    78.524754    45.2    92.3
  12                  OKD-K3-4 dir.    179.066667   179.058740    64.7   132.0
  13                   OKD-K5P slope      3.93800      3.93905     0.5     0.9
  14                   OKD-K5P zen.     79.950309    79.953408    41.4    84.5
  15                   OKD-K5P dir.    152.802469   152.805578    68.6   139.9
  16                   OKD-K7L slope      4.68500      4.68588     0.4     0.8
  17                   OKD-K7L zen.     93.293827    93.287324    36.0    73.4
  18                   OKD-K7L dir.     19.804938    19.810280    70.0   142.8
  19                    OKD-11 slope      3.88900      3.88900     6.1    12.4
  20                    OKD-11 zen.     79.558333    79.558333   116.2   237.1
  21                    OKD-11 dir.    348.453086   348.453086   116.2   237.1
  22                    OKD-12 slope      3.88900      3.88900     6.1    12.4
  23                    OKD-12 zen.    320.434877   320.434877   116.2   237.1
  24                    OKD-12 dir.    148.453395   148.453395   116.2   237.1
  25                      1000 slope      4.19600      4.19600     6.1    12.4
  26                      1000 zen.    110.791975   110.791975   116.2   237.1
  27                      1000 dir.    352.235185   352.235185   116.2   237.1
  28                      1001 slope      3.83100      3.83100     6.1    12.4
  29                      1001 zen.     74.059877    74.059877   116.2   237.1
  30                      1001 dir.    347.533333   347.533333   116.2   237.1
  31                      1002 slope      3.98300      3.98300     6.1    12.4
  32                      1002 zen.     39.569444    39.569444   116.2   237.1
  33                      1002 dir.    275.979630   275.979630   116.2   237.1
  34                      1003 slope      3.86200      3.86200     6.1    12.4
  35                      1003 zen.     63.724691    63.724691   116.2   237.1
  36                      1003 dir.    209.470679   209.470679   116.2   237.1
  37                      1004 slope      4.33900      4.33900     6.1    12.4
  38                      1004 zen.    110.903086   110.903086   116.2   237.1
  39                      1004 dir.    201.241975   201.241975   116.2   237.1
  40                      1005 slope      3.97100      3.97100     6.1    12.4
  41                      1005 zen.    111.714815   111.714815   116.2   237.1
  42                      1005 dir.    363.595370   363.595370   116.2   237.1
  43                      1006 slope      3.49400      3.49400     6.1    12.4
  44                      1006 zen.     60.072222    60.072222   116.2   237.1
  45                      1006 dir.    358.308333   358.308333   116.2   237.1
  46                      1007 slope      3.49600      3.49600     6.1    12.4
  47                      1007 zen.     60.308025    60.308025   116.2   237.1
  48                      1007 dir.    358.379321   358.379321   116.2   237.1
  49                      1008 slope      3.34100      3.34100     6.1    12.4
  50                      1008 zen.     16.112037    16.112037   116.2   237.1
  51                      1008 dir.    270.081173   270.081173   116.2   237.1
  52                      1009 slope      3.61900      3.61900     6.1    12.4
  53                      1009 zen.     60.450309    60.450309   116.2   237.1
  54                      1009 dir.    195.425617   195.425617   116.2   237.1
  55                      1010 slope      4.12000      4.12000     6.1    12.4
  56                      1010 zen.    111.795062   111.795062   116.2   237.1
  57                      1010 dir.    190.254012   190.254012   116.2   237.1
  58                   OKD-K7L slope      4.68400      4.68588     0.4     0.8
  59                   OKD-K7L zen.    306.704012   306.710332    36.0    73.4
  60                   OKD-K7L dir.    219.808025   219.812697    70.0   142.8
  61                   OKD-K5P slope      3.93900      3.93905     0.5     0.9
  62                   OKD-K5P zen.    320.048457   320.044807    41.4    84.5
  63                   OKD-K5P dir.    352.805247   352.807995    68.6   139.9
  64                  OKD-K3-4 slope      3.69100      3.69149     0.5     1.0
  65                  OKD-K3-4 zen.    321.477469   321.473142    45.2    92.3
  66                  OKD-K3-4 dir.    379.067901   379.061157    64.7   132.0
  67                  OKD-K3-1 slope      3.67100      3.67296     0.5     1.0
  68                  OKD-K3-1 zen.    308.395370   308.437758    47.3    96.5
  69                  OKD-K3-1 dir.    176.731173   176.721885    67.6   137.9
  70                     OKD-5 slope      8.86900      8.86976     0.3     0.5
  71                     OKD-5 zen.    309.788272   309.780949    18.4    37.6
  72                     OKD-5 dir.     83.045062    83.049713    59.2   120.8
  73                     OKD-4 slope      8.60400      8.60468     0.3     0.6
  74                     OKD-4 zen.    317.682716   317.676329    18.6    37.9
  75                     OKD-4 dir.     60.433025    60.436983    59.6   121.5


Residuals and analysis of observations
**************************************

   i   standpoint       target        f[%]        v    |v'|     e-obs.  e-adj.
============================================== [mm|cc] =========== [mm|cc] ===

   1           ST        OKD-4 slope  95.3      -0.318  0.1      -0.3   -0.0
   2                     OKD-4 zen.   84.0      37.051  0.3      38.0    1.0
   3                     OKD-4 dir.   48.8      21.584  0.2      29.3    7.7
   4                     OKD-5 slope  95.8       0.757  0.1       0.8    0.0
   5                     OKD-5 zen.   84.1      77.775  0.7      79.8    2.0
   6                     OKD-5 dir.   49.0      40.857  0.4      55.2   14.3
   7                  OKD-K3-1 slope  92.1       2.957  0.5       3.0    0.0
   8                  OKD-K3-1 zen.   59.3    -403.999  3.8 c  -484.3  -80.3
   9                  OKD-K3-1 dir.   41.8     -67.670  0.7    -102.3  -34.6
  10                  OKD-K3-4 slope  92.0       1.490  0.2       1.5    0.0
  11                  OKD-K3-4 zen.   61.1      43.836  0.4      51.7    7.8
  12                  OKD-K3-4 dir.   44.3     -79.270  0.8    -114.9  -35.6
  13                   OKD-K5P slope  92.4       1.054  0.2       1.1    0.0
  14                   OKD-K5P zen.   64.4      30.997  0.3      35.5    4.5
  15                   OKD-K5P dir.   41.0      31.086  0.3      47.7   16.6
  16                   OKD-K7L slope  93.2       0.884  0.1       0.9    0.0
  17                   OKD-K7L zen.   69.0     -65.033  0.6     -71.9   -6.9
  18                   OKD-K7L dir.   39.8      53.414  0.6      83.8   30.4
  19                    OKD-11 slope   0.0 u     0.000    
  20                    OKD-11 zen.    0.0 u     0.000    
  21                    OKD-11 dir.    0.0 u     0.000    
  22                    OKD-12 slope   0.0 u    -0.000    
  23                    OKD-12 zen.    0.0 u     0.000    
  24                    OKD-12 dir.    0.0 u    -0.000    
  25                      1000 slope   0.0 u    -0.000    
  26                      1000 zen.    0.0 u     0.000    
  27                      1000 dir.    0.0 u     0.000    
  28                      1001 slope   0.0 u    -0.000    
  29                      1001 zen.    0.0 u     0.000    
  30                      1001 dir.    0.0 u     0.000    
  31                      1002 slope   0.0 u    -0.000    
  32                      1002 zen.    0.0 u     0.000    
  33                      1002 dir.    0.0 u     0.000    
  34                      1003 slope   0.0 u     0.000    
  35                      1003 zen.    0.0 u     0.000    
  36                      1003 dir.    0.0 u     0.000    
  37                      1004 slope   0.0 u    -0.000    
  38                      1004 zen.    0.0 u    -0.000    
  39                      1004 dir.    0.0 u     0.000    
  40                      1005 slope   0.0 u    -0.000    
  41                      1005 zen.    0.0 u     0.000    
  42                      1005 dir.    0.0 u     0.000    
  43                      1006 slope   0.0 u    -0.000    
  44                      1006 zen.    0.0 u     0.000    
  45                      1006 dir.    0.0 u     0.000    
  46                      1007 slope   0.0 u     0.000    
  47                      1007 zen.    0.0 u     0.000    
  48                      1007 dir.    0.0 u    -0.000    
  49                      1008 slope   0.0 u    -0.000    
  50                      1008 zen.    0.0 u     0.000    
  51                      1008 dir.    0.0 u    -0.000    
  52                      1009 slope   0.0 u     0.000    
  53                      1009 zen.    0.0 u    -0.000    
  54                      1009 dir.    0.0 u     0.000    
  55                      1010 slope   0.0 u    -0.000    
  56                      1010 zen.    0.0 u    -0.000    
  57                      1010 dir.    0.0 u    -0.000    
  58                   OKD-K7L slope  93.2       1.884  0.3       1.9    0.0
  59                   OKD-K7L zen.   69.0      63.195  0.6      69.9    6.7
  60                   OKD-K7L dir.   39.8      46.727  0.5      73.3   26.6
  61                   OKD-K5P slope  92.4       0.054  0.0       0.1    0.0
  62                   OKD-K5P zen.   64.4     -36.496  0.3     -41.8   -5.3
  63                   OKD-K5P dir.   41.0      27.485  0.3      42.2   14.7
  64                  OKD-K3-4 slope  92.0       0.490  0.1       0.5    0.0
  65                  OKD-K3-4 zen.   61.1     -43.274  0.4     -51.0   -7.7
  66                  OKD-K3-4 dir.   44.3     -67.438  0.7     -97.8  -30.3
  67                  OKD-K3-1 slope  92.1       1.957  0.3       2.0    0.0
  68                  OKD-K3-1 zen.   59.3     423.871  4.0 mc  508.1   84.2
  69                  OKD-K3-1 dir.   41.8     -92.876  1.0    -140.4  -47.5
  70                     OKD-5 slope  95.8       0.757  0.1       0.8    0.0
  71                     OKD-5 zen.   84.1     -73.230  0.6     -75.1   -1.9
  72                     OKD-5 dir.   49.0      46.515  0.5      62.8   16.3
  73                     OKD-4 slope  95.3       0.682  0.1       0.7    0.0
  74                     OKD-4 zen.   84.0     -63.874  0.6     -65.6   -1.7
  75                     OKD-4 dir.   48.8      39.588  0.4      53.7   14.1


Outlying observations
*********************

   i   standpoint       target        f[%]        v    |v'|     e-obs.  e-adj.
============================================== [mm|cc] =========== [mm|cc] ===

  68           ST     OKD-K3-1 zen.   59.3     423.871  4.0 mc  508.1   84.2
   8                  OKD-K3-1 zen.   59.3    -403.999  3.8 c  -484.3  -80.3


